{"uuid":"8b05d340-06f9-46da-9dd7-5945b484d062","historyId":"16b79e023bde5bf978d04f77eaa99326","fullName":"src/test/resources/Features/placeOrderPositive.feature:5","labels":[{"name":"tag","value":"e2e"},{"name":"host","value":"Seramik-MacBook-Air.local"},{"name":"thread","value":"6426@Seramik-MacBook-Air.local.main(1)"},{"name":"feature","value":"Kitap satin alma testi (Pozitif)"},{"name":"story","value":"[US_02 / TC_01] Kayıtlı bir kullanıcı olarak, kitap siparişini başarıyla verebilmeliyim."},{"name":"suite","value":"Kitap satin alma testi (Pozitif)"},{"name":"testClass","value":"[US_02 / TC_01] Kayıtlı bir kullanıcı olarak, kitap siparişini başarıyla verebilmeliyim."},{"name":"framework","value":"cucumber4jvm"},{"name":"language","value":"java"},{"name":"gherkin_uri","value":"file:///Users/seramikisitma/IdeaProjects/mezunProject/src/test/resources/Features/placeOrderPositive.feature"},{"name":"package","value":"src.test.resources.Features.placeOrderPositive_feature.Kitap satin alma testi (Pozitif)"}],"links":[],"name":"[US_02 / TC_01] Kayıtlı bir kullanıcı olarak, kitap siparişini başarıyla verebilmeliyim.","status":"broken","statusDetails":{"known":false,"muted":false,"flaky":false,"message":"stale element reference: stale element not found\n  (Session info: chrome=122.0.6261.94)\nFor documentation on this error, please visit: https://www.selenium.dev/documentation/webdriver/troubleshooting/errors#stale-element-reference-exception\nBuild info: version: '4.15.0', revision: '1d14b5521b'\nSystem info: os.name: 'Mac OS X', os.arch: 'x86_64', os.version: '12.6', java.version: '11.0.21'\nDriver info: org.openqa.selenium.chrome.ChromeDriver\nCommand: [d43b07e7d48f788d559d95a4aebd49ca, clickElement {id=f.2B4D6A0F67773F430E4A9881A01AFA41.d.4EEF72DC8A58A4371D8C217797A4227F.e.604}]\nCapabilities {acceptInsecureCerts: false, browserName: chrome, browserVersion: 122.0.6261.94, chrome: {chromedriverVersion: 122.0.6261.94 (880dbf29479c..., userDataDir: /var/folders/32/c61tjc7x0sz...}, fedcm:accounts: true, goog:chromeOptions: {debuggerAddress: localhost:50976}, networkConnectionEnabled: false, pageLoadStrategy: normal, platformName: mac, proxy: Proxy(), se:cdp: ws://localhost:50976/devtoo..., se:cdpVersion: 122.0.6261.94, setWindowRect: true, strictFileInteractability: false, timeouts: {implicit: 0, pageLoad: 300000, script: 30000}, unhandledPromptBehavior: dismiss and notify, webauthn:extension:credBlob: true, webauthn:extension:largeBlob: true, webauthn:extension:minPinLength: true, webauthn:extension:prf: true, webauthn:virtualAuthenticators: true}\nElement: [[ChromeDriver: chrome on mac (d43b07e7d48f788d559d95a4aebd49ca)] -> xpath: //a[@class='button']]\nSession ID: d43b07e7d48f788d559d95a4aebd49ca","trace":"org.openqa.selenium.StaleElementReferenceException: stale element reference: stale element not found\n  (Session info: chrome=122.0.6261.94)\nFor documentation on this error, please visit: https://www.selenium.dev/documentation/webdriver/troubleshooting/errors#stale-element-reference-exception\nBuild info: version: '4.15.0', revision: '1d14b5521b'\nSystem info: os.name: 'Mac OS X', os.arch: 'x86_64', os.version: '12.6', java.version: '11.0.21'\nDriver info: org.openqa.selenium.chrome.ChromeDriver\nCommand: [d43b07e7d48f788d559d95a4aebd49ca, clickElement {id=f.2B4D6A0F67773F430E4A9881A01AFA41.d.4EEF72DC8A58A4371D8C217797A4227F.e.604}]\nCapabilities {acceptInsecureCerts: false, browserName: chrome, browserVersion: 122.0.6261.94, chrome: {chromedriverVersion: 122.0.6261.94 (880dbf29479c..., userDataDir: /var/folders/32/c61tjc7x0sz...}, fedcm:accounts: true, goog:chromeOptions: {debuggerAddress: localhost:50976}, networkConnectionEnabled: false, pageLoadStrategy: normal, platformName: mac, proxy: Proxy(), se:cdp: ws://localhost:50976/devtoo..., se:cdpVersion: 122.0.6261.94, setWindowRect: true, strictFileInteractability: false, timeouts: {implicit: 0, pageLoad: 300000, script: 30000}, unhandledPromptBehavior: dismiss and notify, webauthn:extension:credBlob: true, webauthn:extension:largeBlob: true, webauthn:extension:minPinLength: true, webauthn:extension:prf: true, webauthn:virtualAuthenticators: true}\nElement: [[ChromeDriver: chrome on mac (d43b07e7d48f788d559d95a4aebd49ca)] -> xpath: //a[@class='button']]\nSession ID: d43b07e7d48f788d559d95a4aebd49ca\n\tat java.base/jdk.internal.reflect.NativeConstructorAccessorImpl.newInstance0(Native Method)\n\tat java.base/jdk.internal.reflect.NativeConstructorAccessorImpl.newInstance(NativeConstructorAccessorImpl.java:62)\n\tat java.base/jdk.internal.reflect.DelegatingConstructorAccessorImpl.newInstance(DelegatingConstructorAccessorImpl.java:45)\n\tat java.base/java.lang.reflect.Constructor.newInstance(Constructor.java:490)\n\tat org.openqa.selenium.remote.codec.w3c.W3CHttpResponseCodec.createException(W3CHttpResponseCodec.java:200)\n\tat org.openqa.selenium.remote.codec.w3c.W3CHttpResponseCodec.decode(W3CHttpResponseCodec.java:133)\n\tat org.openqa.selenium.remote.codec.w3c.W3CHttpResponseCodec.decode(W3CHttpResponseCodec.java:52)\n\tat org.openqa.selenium.remote.HttpCommandExecutor.execute(HttpCommandExecutor.java:191)\n\tat org.openqa.selenium.remote.service.DriverCommandExecutor.invokeExecute(DriverCommandExecutor.java:200)\n\tat org.openqa.selenium.remote.service.DriverCommandExecutor.execute(DriverCommandExecutor.java:175)\n\tat org.openqa.selenium.remote.RemoteWebDriver.execute(RemoteWebDriver.java:607)\n\tat org.openqa.selenium.remote.RemoteWebElement.execute(RemoteWebElement.java:224)\n\tat org.openqa.selenium.remote.RemoteWebElement.click(RemoteWebElement.java:77)\n\tat jdk.internal.reflect.GeneratedMethodAccessor53.invoke(Unknown Source)\n\tat java.base/jdk.internal.reflect.DelegatingMethodAccessorImpl.invoke(DelegatingMethodAccessorImpl.java:43)\n\tat java.base/java.lang.reflect.Method.invoke(Method.java:566)\n\tat org.openqa.selenium.support.pagefactory.internal.LocatingElementHandler.invoke(LocatingElementHandler.java:51)\n\tat com.sun.proxy.$Proxy20.click(Unknown Source)\n\tat stepDefinitions.LoginPageStepDefinitions.click_the_alisverise_devam_et_butonu(LoginPageStepDefinitions.java:124)\n\tat ✽.click the alisveriseDevamEtButonu(file:///Users/seramikisitma/IdeaProjects/mezunProject/src/test/resources/Features/placeOrderPositive.feature:19)\n"},"stage":"finished","steps":[{"name":"Given  go to \"URL\"","status":"passed","statusDetails":{"known":false,"muted":false,"flaky":false},"stage":"finished","steps":[],"attachments":[],"parameters":[],"start":1709755905730,"stop":1709755913851},{"name":"And  accept cookies","status":"passed","statusDetails":{"known":false,"muted":false,"flaky":false},"stage":"finished","steps":[],"attachments":[],"parameters":[],"start":1709755913874,"stop":1709755916154},{"name":"Then  enter the login button","status":"passed","statusDetails":{"known":false,"muted":false,"flaky":false},"stage":"finished","steps":[],"attachments":[],"parameters":[],"start":1709755916158,"stop":1709755920137},{"name":"And  enter the valid e-mail in the e-mail text box","status":"passed","statusDetails":{"known":false,"muted":false,"flaky":false},"stage":"finished","steps":[],"attachments":[],"parameters":[],"start":1709755920162,"stop":1709755922489},{"name":"And  enter the valid password in the password box","status":"passed","statusDetails":{"known":false,"muted":false,"flaky":false},"stage":"finished","steps":[],"attachments":[],"parameters":[],"start":1709755922489,"stop":1709755924666},{"name":"And  click the login button","status":"passed","statusDetails":{"known":false,"muted":false,"flaky":false},"stage":"finished","steps":[],"attachments":[],"parameters":[],"start":1709755924666,"stop":1709755926887},{"name":"When  enter the all categories","status":"passed","statusDetails":{"known":false,"muted":false,"flaky":false},"stage":"finished","steps":[],"attachments":[],"parameters":[],"start":1709755926893,"stop":1709755929734},{"name":"And  click the kids book","status":"passed","statusDetails":{"known":false,"muted":false,"flaky":false},"stage":"finished","steps":[],"attachments":[],"parameters":[],"start":1709755929735,"stop":1709755934192},{"name":"And  click nohut adam","status":"passed","statusDetails":{"known":false,"muted":false,"flaky":false},"stage":"finished","steps":[],"attachments":[],"parameters":[],"start":1709755934194,"stop":1709755937584},{"name":"And  add the basket","status":"passed","statusDetails":{"known":false,"muted":false,"flaky":false},"stage":"finished","steps":[],"attachments":[],"parameters":[],"start":1709755937586,"stop":1709755939701},{"name":"Then  go to the sepetim","status":"passed","statusDetails":{"known":false,"muted":false,"flaky":false},"stage":"finished","steps":[],"attachments":[],"parameters":[],"start":1709755939706,"stop":1709755941788},{"name":"And  click the satin al butonu","status":"passed","statusDetails":{"known":false,"muted":false,"flaky":false},"stage":"finished","steps":[],"attachments":[],"parameters":[],"start":1709755941792,"stop":1709755949928},{"name":"And  click the alisveriseDevamEtButonu","status":"broken","statusDetails":{"known":false,"muted":false,"flaky":false,"message":"stale element reference: stale element not found\n  (Session info: chrome=122.0.6261.94)\nFor documentation on this error, please visit: https://www.selenium.dev/documentation/webdriver/troubleshooting/errors#stale-element-reference-exception\nBuild info: version: '4.15.0', revision: '1d14b5521b'\nSystem info: os.name: 'Mac OS X', os.arch: 'x86_64', os.version: '12.6', java.version: '11.0.21'\nDriver info: org.openqa.selenium.chrome.ChromeDriver\nCommand: [d43b07e7d48f788d559d95a4aebd49ca, clickElement {id=f.2B4D6A0F67773F430E4A9881A01AFA41.d.4EEF72DC8A58A4371D8C217797A4227F.e.604}]\nCapabilities {acceptInsecureCerts: false, browserName: chrome, browserVersion: 122.0.6261.94, chrome: {chromedriverVersion: 122.0.6261.94 (880dbf29479c..., userDataDir: /var/folders/32/c61tjc7x0sz...}, fedcm:accounts: true, goog:chromeOptions: {debuggerAddress: localhost:50976}, networkConnectionEnabled: false, pageLoadStrategy: normal, platformName: mac, proxy: Proxy(), se:cdp: ws://localhost:50976/devtoo..., se:cdpVersion: 122.0.6261.94, setWindowRect: true, strictFileInteractability: false, timeouts: {implicit: 0, pageLoad: 300000, script: 30000}, unhandledPromptBehavior: dismiss and notify, webauthn:extension:credBlob: true, webauthn:extension:largeBlob: true, webauthn:extension:minPinLength: true, webauthn:extension:prf: true, webauthn:virtualAuthenticators: true}\nElement: [[ChromeDriver: chrome on mac (d43b07e7d48f788d559d95a4aebd49ca)] -> xpath: //a[@class='button']]\nSession ID: d43b07e7d48f788d559d95a4aebd49ca","trace":"org.openqa.selenium.StaleElementReferenceException: stale element reference: stale element not found\n  (Session info: chrome=122.0.6261.94)\nFor documentation on this error, please visit: https://www.selenium.dev/documentation/webdriver/troubleshooting/errors#stale-element-reference-exception\nBuild info: version: '4.15.0', revision: '1d14b5521b'\nSystem info: os.name: 'Mac OS X', os.arch: 'x86_64', os.version: '12.6', java.version: '11.0.21'\nDriver info: org.openqa.selenium.chrome.ChromeDriver\nCommand: [d43b07e7d48f788d559d95a4aebd49ca, clickElement {id=f.2B4D6A0F67773F430E4A9881A01AFA41.d.4EEF72DC8A58A4371D8C217797A4227F.e.604}]\nCapabilities {acceptInsecureCerts: false, browserName: chrome, browserVersion: 122.0.6261.94, chrome: {chromedriverVersion: 122.0.6261.94 (880dbf29479c..., userDataDir: /var/folders/32/c61tjc7x0sz...}, fedcm:accounts: true, goog:chromeOptions: {debuggerAddress: localhost:50976}, networkConnectionEnabled: false, pageLoadStrategy: normal, platformName: mac, proxy: Proxy(), se:cdp: ws://localhost:50976/devtoo..., se:cdpVersion: 122.0.6261.94, setWindowRect: true, strictFileInteractability: false, timeouts: {implicit: 0, pageLoad: 300000, script: 30000}, unhandledPromptBehavior: dismiss and notify, webauthn:extension:credBlob: true, webauthn:extension:largeBlob: true, webauthn:extension:minPinLength: true, webauthn:extension:prf: true, webauthn:virtualAuthenticators: true}\nElement: [[ChromeDriver: chrome on mac (d43b07e7d48f788d559d95a4aebd49ca)] -> xpath: //a[@class='button']]\nSession ID: d43b07e7d48f788d559d95a4aebd49ca\n\tat java.base/jdk.internal.reflect.NativeConstructorAccessorImpl.newInstance0(Native Method)\n\tat java.base/jdk.internal.reflect.NativeConstructorAccessorImpl.newInstance(NativeConstructorAccessorImpl.java:62)\n\tat java.base/jdk.internal.reflect.DelegatingConstructorAccessorImpl.newInstance(DelegatingConstructorAccessorImpl.java:45)\n\tat java.base/java.lang.reflect.Constructor.newInstance(Constructor.java:490)\n\tat org.openqa.selenium.remote.codec.w3c.W3CHttpResponseCodec.createException(W3CHttpResponseCodec.java:200)\n\tat org.openqa.selenium.remote.codec.w3c.W3CHttpResponseCodec.decode(W3CHttpResponseCodec.java:133)\n\tat org.openqa.selenium.remote.codec.w3c.W3CHttpResponseCodec.decode(W3CHttpResponseCodec.java:52)\n\tat org.openqa.selenium.remote.HttpCommandExecutor.execute(HttpCommandExecutor.java:191)\n\tat org.openqa.selenium.remote.service.DriverCommandExecutor.invokeExecute(DriverCommandExecutor.java:200)\n\tat org.openqa.selenium.remote.service.DriverCommandExecutor.execute(DriverCommandExecutor.java:175)\n\tat org.openqa.selenium.remote.RemoteWebDriver.execute(RemoteWebDriver.java:607)\n\tat org.openqa.selenium.remote.RemoteWebElement.execute(RemoteWebElement.java:224)\n\tat org.openqa.selenium.remote.RemoteWebElement.click(RemoteWebElement.java:77)\n\tat jdk.internal.reflect.GeneratedMethodAccessor53.invoke(Unknown Source)\n\tat java.base/jdk.internal.reflect.DelegatingMethodAccessorImpl.invoke(DelegatingMethodAccessorImpl.java:43)\n\tat java.base/java.lang.reflect.Method.invoke(Method.java:566)\n\tat org.openqa.selenium.support.pagefactory.internal.LocatingElementHandler.invoke(LocatingElementHandler.java:51)\n\tat com.sun.proxy.$Proxy20.click(Unknown Source)\n\tat stepDefinitions.LoginPageStepDefinitions.click_the_alisverise_devam_et_butonu(LoginPageStepDefinitions.java:124)\n\tat ✽.click the alisveriseDevamEtButonu(file:///Users/seramikisitma/IdeaProjects/mezunProject/src/test/resources/Features/placeOrderPositive.feature:19)\n"},"stage":"finished","steps":[],"attachments":[],"parameters":[],"start":1709755949931,"stop":1709755967779},{"name":"And  type kiraz agaci book in the search box","status":"skipped","statusDetails":{"known":false,"muted":false,"flaky":false},"stage":"finished","steps":[],"attachments":[],"parameters":[],"start":1709755967792,"stop":1709755967796},{"name":"When  kiraz agaci kitabini sepete ekler","status":"skipped","statusDetails":{"known":false,"muted":false,"flaky":false},"stage":"finished","steps":[],"attachments":[],"parameters":[],"start":1709755967797,"stop":1709755967797},{"name":"And  go to the sepetim","status":"skipped","statusDetails":{"known":false,"muted":false,"flaky":false},"stage":"finished","steps":[],"attachments":[],"parameters":[],"start":1709755967798,"stop":1709755967806},{"name":"And  click the satin al butonu","status":"skipped","statusDetails":{"known":false,"muted":false,"flaky":false},"stage":"finished","steps":[],"attachments":[],"parameters":[],"start":1709755967807,"stop":1709755967808},{"name":"And  click the teslim noktasindan al","status":"skipped","statusDetails":{"known":false,"muted":false,"flaky":false},"stage":"finished","steps":[],"attachments":[],"parameters":[],"start":1709755967810,"stop":1709755967813},{"name":"And  select Tuzla point","status":"skipped","statusDetails":{"known":false,"muted":false,"flaky":false},"stage":"finished","steps":[],"attachments":[],"parameters":[],"start":1709755967814,"stop":1709755967815},{"name":"And  click the devam et butonu","status":"skipped","statusDetails":{"known":false,"muted":false,"flaky":false},"stage":"finished","steps":[],"attachments":[],"parameters":[],"start":1709755967815,"stop":1709755967816},{"name":"And  kart bilgilerini girer","status":"skipped","statusDetails":{"known":false,"muted":false,"flaky":false},"stage":"finished","steps":[],"attachments":[],"parameters":[],"start":1709755967817,"stop":1709755967818},{"name":"And  devam et butonuna tiklar","status":"skipped","statusDetails":{"known":false,"muted":false,"flaky":false},"stage":"finished","steps":[],"attachments":[],"parameters":[],"start":1709755967820,"stop":1709755967821},{"name":"And  sozlesme sartlarini kabul eder","status":"skipped","statusDetails":{"known":false,"muted":false,"flaky":false},"stage":"finished","steps":[],"attachments":[],"parameters":[],"start":1709755967823,"stop":1709755967824},{"name":"And  click the finish","status":"skipped","statusDetails":{"known":false,"muted":false,"flaky":false},"stage":"finished","steps":[],"attachments":[],"parameters":[],"start":1709755967825,"stop":1709755967827},{"name":"And  close driver","status":"skipped","statusDetails":{"known":false,"muted":false,"flaky":false},"stage":"finished","steps":[],"attachments":[],"parameters":[],"start":1709755967828,"stop":1709755967829}],"attachments":[],"parameters":[],"start":1709755905729,"stop":1709755967872}